#-----------------------------------------------------------
# Webtalk v2018.3 (64-bit)
# SW Build 2405991 on Thu Dec  6 23:36:41 MST 2018
# 
# Start of session at: Thu Mar 11 03:31:15 2021
# Process ID: 281526
# Current directory: /home/thanx/HDL-Workspace/Xilinx_SDK_Workspace/MyAudio/CantaviStreamer6-single-tc-grplc-int-med-48-tm_sw/vivado/cantavi_streamer_project.sdk/webtalk
# Command line: wbtcv -mode batch -source sdk_webtalk.tcl
# Log file: /home/thanx/HDL-Workspace/Xilinx_SDK_Workspace/MyAudio/CantaviStreamer6-single-tc-grplc-int-med-48-tm_sw/vivado/cantavi_streamer_project.sdk/webtalk/webtalk.log
# Journal file: /home/thanx/HDL-Workspace/Xilinx_SDK_Workspace/MyAudio/CantaviStreamer6-single-tc-grplc-int-med-48-tm_sw/vivado/cantavi_streamer_project.sdk/webtalk/webtalk.jou
#-----------------------------------------------------------
source sdk_webtalk.tcl
# webtalk_init -webtalk_dir /home/thanx/HDL-Workspace/Xilinx_SDK_Workspace/MyAudio/CantaviStreamer6-single-tc-grplc-int-med-48-tm_sw/vivado/cantavi_streamer_project.sdk/webtalk
# webtalk_register_client -client project
# webtalk_add_data -client project -key date_generated -value "2021-03-11 03:31:12" -context "software_version_and_target_device"
# webtalk_add_data -client project -key product_version -value "SDK v2018.3" -context "software_version_and_target_device"
# webtalk_add_data -client project -key build_version -value "2018.3" -context "software_version_and_target_device"
# webtalk_add_data -client project -key os_platform -value "amd64" -context "software_version_and_target_device"
# webtalk_add_data -client project -key registration_id -value "" -context "software_version_and_target_device"
# webtalk_add_data -client project -key tool_flow -value "SDK" -context "software_version_and_target_device"
# webtalk_add_data -client project -key beta -value "false" -context "software_version_and_target_device"
# webtalk_add_data -client project -key route_design -value "NA" -context "software_version_and_target_device"
# webtalk_add_data -client project -key target_family -value "NA" -context "software_version_and_target_device"
# webtalk_add_data -client project -key target_device -value "NA" -context "software_version_and_target_device"
# webtalk_add_data -client project -key target_package -value "NA" -context "software_version_and_target_device"
# webtalk_add_data -client project -key target_speed -value "NA" -context "software_version_and_target_device"
# webtalk_add_data -client project -key random_id -value "qdfolhu1qpka9isi59vjgt1db3" -context "software_version_and_target_device"
# webtalk_add_data -client project -key project_id -value "2018.3_47" -context "software_version_and_target_device"
# webtalk_add_data -client project -key project_iteration -value "47" -context "software_version_and_target_device"
# webtalk_add_data -client project -key os_name -value "Arch" -context "user_environment"
# webtalk_add_data -client project -key os_release -value "Arch Linux" -context "user_environment"
# webtalk_add_data -client project -key cpu_name -value "Intel(R) Core(TM) i7-3740QM CPU @ 2.70GHz" -context "user_environment"
# webtalk_add_data -client project -key cpu_speed -value "1200.000 MHz" -context "user_environment"
# webtalk_add_data -client project -key total_processors -value "1" -context "user_environment"
# webtalk_add_data -client project -key system_ram -value "22.633 GB" -context "user_environment"
# webtalk_register_client -client sdk
# webtalk_add_data -client sdk -key uid -value "1615396200000" -context "sdk\\\\bsp/1615396200000"
# webtalk_add_data -client sdk -key hwid -value "1613151908000" -context "sdk\\\\bsp/1615396200000"
# webtalk_add_data -client sdk -key os -value "standalone" -context "sdk\\\\bsp/1615396200000"
# webtalk_add_data -client sdk -key apptemplate -value "zynq_fsbl" -context "sdk\\\\bsp/1615396200000"
# webtalk_add_data -client sdk -key RecordType -value "BSPCreation" -context "sdk\\\\bsp/1615396200000"
# webtalk_add_data -client sdk -key uid -value "1615396213000" -context "sdk\\\\application/1615396213000"
# webtalk_add_data -client sdk -key hwid -value "1613151908000" -context "sdk\\\\application/1615396213000"
# webtalk_add_data -client sdk -key bspid -value "1615396200000" -context "sdk\\\\application/1615396213000"
# webtalk_add_data -client sdk -key newbsp -value "true" -context "sdk\\\\application/1615396213000"
# webtalk_add_data -client sdk -key os -value "standalone" -context "sdk\\\\application/1615396213000"
# webtalk_add_data -client sdk -key apptemplate -value "zynq_fsbl" -context "sdk\\\\application/1615396213000"
# webtalk_add_data -client sdk -key RecordType -value "APPCreation" -context "sdk\\\\application/1615396213000"
# webtalk_add_data -client sdk -key LangUsed -value "C" -context "sdk\\\\application/1615396213000"
# webtalk_add_data -client sdk -key Procused -value "ps7_cortexa9" -context "sdk\\\\application/1615396213000"
# webtalk_add_data -client sdk -key projSize -value "602.2109375" -context "sdk\\\\application/1615396213000"
# webtalk_add_data -client sdk -key uid -value "NA" -context "sdk\\\\bsp/1615433472098"
# webtalk_add_data -client sdk -key RecordType -value "ToolUsage" -context "sdk\\\\bsp/1615433472098"
# webtalk_add_data -client sdk -key BootgenCount -value "10" -context "sdk\\\\bsp/1615433472098"
# webtalk_add_data -client sdk -key DebugCount -value "0" -context "sdk\\\\bsp/1615433472098"
# webtalk_add_data -client sdk -key PerfCount -value "0" -context "sdk\\\\bsp/1615433472098"
# webtalk_add_data -client sdk -key FlashCount -value "0" -context "sdk\\\\bsp/1615433472098"
# webtalk_add_data -client sdk -key CrossTriggCount -value "0" -context "sdk\\\\bsp/1615433472098"
# webtalk_add_data -client sdk -key QemuDebugCount -value "0" -context "sdk\\\\bsp/1615433472098"
# webtalk_transmit -clientid 333524172 -regid "" -xml /home/thanx/HDL-Workspace/Xilinx_SDK_Workspace/MyAudio/CantaviStreamer6-single-tc-grplc-int-med-48-tm_sw/vivado/cantavi_streamer_project.sdk/webtalk/usage_statistics_ext_sdk.xml -html /home/thanx/HDL-Workspace/Xilinx_SDK_Workspace/MyAudio/CantaviStreamer6-single-tc-grplc-int-med-48-tm_sw/vivado/cantavi_streamer_project.sdk/webtalk/usage_statistics_ext_sdk.html -wdm /home/thanx/HDL-Workspace/Xilinx_SDK_Workspace/MyAudio/CantaviStreamer6-single-tc-grplc-int-med-48-tm_sw/vivado/cantavi_streamer_project.sdk/webtalk/sdk_webtalk.wdm -intro "<H3>SDK Usage Report</H3><BR>"
# webtalk_terminate
INFO: [Common 17-206] Exiting Webtalk at Thu Mar 11 03:31:15 2021...
