#-----------------------------------------------------------
# Webtalk v2018.3 (64-bit)
# SW Build 2405991 on Thu Dec  6 23:36:41 MST 2018
# 
# Start of session at: Fri Sep  3 21:16:04 2021
# Process ID: 949698
# Current directory: /home/thanx/HDL-Workspace/Xilinx_SDK_Workspace/MyAudio/CantaviStreamer6-single-tc-grplc-int-tm_sw_sip_cc/vivado/cantavi_streamer_project.sdk/webtalk
# Command line: wbtcv -mode batch -source sdk_webtalk.tcl
# Log file: /home/thanx/HDL-Workspace/Xilinx_SDK_Workspace/MyAudio/CantaviStreamer6-single-tc-grplc-int-tm_sw_sip_cc/vivado/cantavi_streamer_project.sdk/webtalk/webtalk.log
# Journal file: /home/thanx/HDL-Workspace/Xilinx_SDK_Workspace/MyAudio/CantaviStreamer6-single-tc-grplc-int-tm_sw_sip_cc/vivado/cantavi_streamer_project.sdk/webtalk/webtalk.jou
#-----------------------------------------------------------
source sdk_webtalk.tcl
# webtalk_init -webtalk_dir /home/thanx/HDL-Workspace/Xilinx_SDK_Workspace/MyAudio/CantaviStreamer6-single-tc-grplc-int-tm_sw_sip_cc/vivado/cantavi_streamer_project.sdk/webtalk
# webtalk_register_client -client project
# webtalk_add_data -client project -key date_generated -value "2021-09-03 21:16:02" -context "software_version_and_target_device"
# webtalk_add_data -client project -key product_version -value "SDK v2018.3" -context "software_version_and_target_device"
# webtalk_add_data -client project -key build_version -value "2018.3" -context "software_version_and_target_device"
# webtalk_add_data -client project -key os_platform -value "amd64" -context "software_version_and_target_device"
# webtalk_add_data -client project -key registration_id -value "" -context "software_version_and_target_device"
# webtalk_add_data -client project -key tool_flow -value "SDK" -context "software_version_and_target_device"
# webtalk_add_data -client project -key beta -value "false" -context "software_version_and_target_device"
# webtalk_add_data -client project -key route_design -value "NA" -context "software_version_and_target_device"
# webtalk_add_data -client project -key target_family -value "NA" -context "software_version_and_target_device"
# webtalk_add_data -client project -key target_device -value "NA" -context "software_version_and_target_device"
# webtalk_add_data -client project -key target_package -value "NA" -context "software_version_and_target_device"
# webtalk_add_data -client project -key target_speed -value "NA" -context "software_version_and_target_device"
# webtalk_add_data -client project -key random_id -value "7oclleuunrvmajsmi7lhadgoa" -context "software_version_and_target_device"
# webtalk_add_data -client project -key project_id -value "2018.3_50" -context "software_version_and_target_device"
# webtalk_add_data -client project -key project_iteration -value "50" -context "software_version_and_target_device"
# webtalk_add_data -client project -key os_name -value "Arch" -context "user_environment"
# webtalk_add_data -client project -key os_release -value "Arch Linux" -context "user_environment"
# webtalk_add_data -client project -key cpu_name -value "Intel(R) Core(TM) i7-3740QM CPU @ 2.70GHz" -context "user_environment"
# webtalk_add_data -client project -key cpu_speed -value "1670.450 MHz" -context "user_environment"
# webtalk_add_data -client project -key total_processors -value "1" -context "user_environment"
# webtalk_add_data -client project -key system_ram -value "22.633 GB" -context "user_environment"
# webtalk_register_client -client sdk
# webtalk_add_data -client sdk -key uid -value "1630479859000" -context "sdk\\\\bsp/1630479859000"
# webtalk_add_data -client sdk -key hwid -value "1629403002000" -context "sdk\\\\bsp/1630479859000"
# webtalk_add_data -client sdk -key os -value "standalone" -context "sdk\\\\bsp/1630479859000"
# webtalk_add_data -client sdk -key apptemplate -value "zynq_fsbl" -context "sdk\\\\bsp/1630479859000"
# webtalk_add_data -client sdk -key RecordType -value "BSPCreation" -context "sdk\\\\bsp/1630479859000"
# webtalk_add_data -client sdk -key uid -value "1630479878000" -context "sdk\\\\application/1630479878000"
# webtalk_add_data -client sdk -key hwid -value "1629403002000" -context "sdk\\\\application/1630479878000"
# webtalk_add_data -client sdk -key bspid -value "1630479859000" -context "sdk\\\\application/1630479878000"
# webtalk_add_data -client sdk -key newbsp -value "true" -context "sdk\\\\application/1630479878000"
# webtalk_add_data -client sdk -key os -value "standalone" -context "sdk\\\\application/1630479878000"
# webtalk_add_data -client sdk -key apptemplate -value "zynq_fsbl" -context "sdk\\\\application/1630479878000"
# webtalk_add_data -client sdk -key RecordType -value "APPCreation" -context "sdk\\\\application/1630479878000"
# webtalk_add_data -client sdk -key LangUsed -value "C" -context "sdk\\\\application/1630479878000"
# webtalk_add_data -client sdk -key Procused -value "ps7_cortexa9" -context "sdk\\\\application/1630479878000"
# webtalk_add_data -client sdk -key projSize -value "602.32421875" -context "sdk\\\\application/1630479878000"
# webtalk_add_data -client sdk -key uid -value "NA" -context "sdk\\\\bsp/1630703762082"
# webtalk_add_data -client sdk -key RecordType -value "ToolUsage" -context "sdk\\\\bsp/1630703762082"
# webtalk_add_data -client sdk -key BootgenCount -value "13" -context "sdk\\\\bsp/1630703762082"
# webtalk_add_data -client sdk -key DebugCount -value "0" -context "sdk\\\\bsp/1630703762082"
# webtalk_add_data -client sdk -key PerfCount -value "0" -context "sdk\\\\bsp/1630703762082"
# webtalk_add_data -client sdk -key FlashCount -value "0" -context "sdk\\\\bsp/1630703762082"
# webtalk_add_data -client sdk -key CrossTriggCount -value "0" -context "sdk\\\\bsp/1630703762082"
# webtalk_add_data -client sdk -key QemuDebugCount -value "0" -context "sdk\\\\bsp/1630703762082"
# webtalk_transmit -clientid 3742646359 -regid "" -xml /home/thanx/HDL-Workspace/Xilinx_SDK_Workspace/MyAudio/CantaviStreamer6-single-tc-grplc-int-tm_sw_sip_cc/vivado/cantavi_streamer_project.sdk/webtalk/usage_statistics_ext_sdk.xml -html /home/thanx/HDL-Workspace/Xilinx_SDK_Workspace/MyAudio/CantaviStreamer6-single-tc-grplc-int-tm_sw_sip_cc/vivado/cantavi_streamer_project.sdk/webtalk/usage_statistics_ext_sdk.html -wdm /home/thanx/HDL-Workspace/Xilinx_SDK_Workspace/MyAudio/CantaviStreamer6-single-tc-grplc-int-tm_sw_sip_cc/vivado/cantavi_streamer_project.sdk/webtalk/sdk_webtalk.wdm -intro "<H3>SDK Usage Report</H3><BR>"
webtalk_transmit: Time (s): cpu = 00:00:01 ; elapsed = 00:00:06 . Memory (MB): peak = 364.016 ; gain = 0.000 ; free physical = 4207 ; free virtual = 19859
# webtalk_terminate
INFO: [Common 17-206] Exiting Webtalk at Fri Sep  3 21:16:11 2021...
