#-----------------------------------------------------------
# Webtalk v2018.3 (64-bit)
# SW Build 2405991 on Thu Dec  6 23:36:41 MST 2018
# 
# Start of session at: Mon Jun  7 23:44:41 2021
# Process ID: 196988
# Current directory: /home/thanx/HDL-Workspace/Xilinx_SDK_Workspace/MyAudio/CantaviStreamer6-single-tc-grplc-int-48-tm_sw_sip/vivado/cantavi_streamer_project.sdk/webtalk
# Command line: wbtcv -mode batch -source sdk_webtalk.tcl
# Log file: /home/thanx/HDL-Workspace/Xilinx_SDK_Workspace/MyAudio/CantaviStreamer6-single-tc-grplc-int-48-tm_sw_sip/vivado/cantavi_streamer_project.sdk/webtalk/webtalk.log
# Journal file: /home/thanx/HDL-Workspace/Xilinx_SDK_Workspace/MyAudio/CantaviStreamer6-single-tc-grplc-int-48-tm_sw_sip/vivado/cantavi_streamer_project.sdk/webtalk/webtalk.jou
#-----------------------------------------------------------
source sdk_webtalk.tcl
# webtalk_init -webtalk_dir /home/thanx/HDL-Workspace/Xilinx_SDK_Workspace/MyAudio/CantaviStreamer6-single-tc-grplc-int-48-tm_sw_sip/vivado/cantavi_streamer_project.sdk/webtalk
# webtalk_register_client -client project
# webtalk_add_data -client project -key date_generated -value "2021-06-07 23:44:38" -context "software_version_and_target_device"
# webtalk_add_data -client project -key product_version -value "SDK v2018.3" -context "software_version_and_target_device"
# webtalk_add_data -client project -key build_version -value "2018.3" -context "software_version_and_target_device"
# webtalk_add_data -client project -key os_platform -value "amd64" -context "software_version_and_target_device"
# webtalk_add_data -client project -key registration_id -value "" -context "software_version_and_target_device"
# webtalk_add_data -client project -key tool_flow -value "SDK" -context "software_version_and_target_device"
# webtalk_add_data -client project -key beta -value "false" -context "software_version_and_target_device"
# webtalk_add_data -client project -key route_design -value "NA" -context "software_version_and_target_device"
# webtalk_add_data -client project -key target_family -value "NA" -context "software_version_and_target_device"
# webtalk_add_data -client project -key target_device -value "NA" -context "software_version_and_target_device"
# webtalk_add_data -client project -key target_package -value "NA" -context "software_version_and_target_device"
# webtalk_add_data -client project -key target_speed -value "NA" -context "software_version_and_target_device"
# webtalk_add_data -client project -key random_id -value "672s2ktn4562aprv0stia7u9ss" -context "software_version_and_target_device"
# webtalk_add_data -client project -key project_id -value "2018.3_49" -context "software_version_and_target_device"
# webtalk_add_data -client project -key project_iteration -value "49" -context "software_version_and_target_device"
# webtalk_add_data -client project -key os_name -value "Arch" -context "user_environment"
# webtalk_add_data -client project -key os_release -value "Arch Linux" -context "user_environment"
# webtalk_add_data -client project -key cpu_name -value "Intel(R) Core(TM) i7-3740QM CPU @ 2.70GHz" -context "user_environment"
# webtalk_add_data -client project -key cpu_speed -value "1400.000 MHz" -context "user_environment"
# webtalk_add_data -client project -key total_processors -value "1" -context "user_environment"
# webtalk_add_data -client project -key system_ram -value "22.633 GB" -context "user_environment"
# webtalk_register_client -client sdk
# webtalk_add_data -client sdk -key uid -value "1623077181000" -context "sdk\\\\bsp/1623077181000"
# webtalk_add_data -client sdk -key hwid -value "1620834653000" -context "sdk\\\\bsp/1623077181000"
# webtalk_add_data -client sdk -key os -value "standalone" -context "sdk\\\\bsp/1623077181000"
# webtalk_add_data -client sdk -key apptemplate -value "zynq_fsbl" -context "sdk\\\\bsp/1623077181000"
# webtalk_add_data -client sdk -key RecordType -value "BSPCreation" -context "sdk\\\\bsp/1623077181000"
# webtalk_add_data -client sdk -key uid -value "1623077200000" -context "sdk\\\\application/1623077200000"
# webtalk_add_data -client sdk -key hwid -value "1620834653000" -context "sdk\\\\application/1623077200000"
# webtalk_add_data -client sdk -key bspid -value "1623077181000" -context "sdk\\\\application/1623077200000"
# webtalk_add_data -client sdk -key newbsp -value "true" -context "sdk\\\\application/1623077200000"
# webtalk_add_data -client sdk -key os -value "standalone" -context "sdk\\\\application/1623077200000"
# webtalk_add_data -client sdk -key apptemplate -value "zynq_fsbl" -context "sdk\\\\application/1623077200000"
# webtalk_add_data -client sdk -key RecordType -value "APPCreation" -context "sdk\\\\application/1623077200000"
# webtalk_add_data -client sdk -key LangUsed -value "C" -context "sdk\\\\application/1623077200000"
# webtalk_add_data -client sdk -key Procused -value "ps7_cortexa9" -context "sdk\\\\application/1623077200000"
# webtalk_add_data -client sdk -key uid -value "1623082663000" -context "sdk\\\\bsp/1623082663000"
# webtalk_add_data -client sdk -key hwid -value "1620834653000" -context "sdk\\\\bsp/1623082663000"
# webtalk_add_data -client sdk -key os -value "standalone" -context "sdk\\\\bsp/1623082663000"
# webtalk_add_data -client sdk -key apptemplate -value "zynq_fsbl" -context "sdk\\\\bsp/1623082663000"
# webtalk_add_data -client sdk -key RecordType -value "BSPCreation" -context "sdk\\\\bsp/1623082663000"
# webtalk_add_data -client sdk -key uid -value "1623082678000" -context "sdk\\\\application/1623082678000"
# webtalk_add_data -client sdk -key hwid -value "1620834653000" -context "sdk\\\\application/1623082678000"
# webtalk_add_data -client sdk -key bspid -value "1623082663000" -context "sdk\\\\application/1623082678000"
# webtalk_add_data -client sdk -key newbsp -value "true" -context "sdk\\\\application/1623082678000"
# webtalk_add_data -client sdk -key os -value "standalone" -context "sdk\\\\application/1623082678000"
# webtalk_add_data -client sdk -key apptemplate -value "zynq_fsbl" -context "sdk\\\\application/1623082678000"
# webtalk_add_data -client sdk -key RecordType -value "APPCreation" -context "sdk\\\\application/1623082678000"
# webtalk_add_data -client sdk -key LangUsed -value "C" -context "sdk\\\\application/1623082678000"
# webtalk_add_data -client sdk -key Procused -value "ps7_cortexa9" -context "sdk\\\\application/1623082678000"
# webtalk_add_data -client sdk -key projSize -value "602.32421875" -context "sdk\\\\application/1623082678000"
# webtalk_add_data -client sdk -key uid -value "NA" -context "sdk\\\\bsp/1623109478658"
# webtalk_add_data -client sdk -key RecordType -value "ToolUsage" -context "sdk\\\\bsp/1623109478658"
# webtalk_add_data -client sdk -key BootgenCount -value "3" -context "sdk\\\\bsp/1623109478658"
# webtalk_add_data -client sdk -key DebugCount -value "0" -context "sdk\\\\bsp/1623109478658"
# webtalk_add_data -client sdk -key PerfCount -value "0" -context "sdk\\\\bsp/1623109478658"
# webtalk_add_data -client sdk -key FlashCount -value "0" -context "sdk\\\\bsp/1623109478658"
# webtalk_add_data -client sdk -key CrossTriggCount -value "0" -context "sdk\\\\bsp/1623109478658"
# webtalk_add_data -client sdk -key QemuDebugCount -value "0" -context "sdk\\\\bsp/1623109478658"
# webtalk_transmit -clientid 674227401 -regid "" -xml /home/thanx/HDL-Workspace/Xilinx_SDK_Workspace/MyAudio/CantaviStreamer6-single-tc-grplc-int-48-tm_sw_sip/vivado/cantavi_streamer_project.sdk/webtalk/usage_statistics_ext_sdk.xml -html /home/thanx/HDL-Workspace/Xilinx_SDK_Workspace/MyAudio/CantaviStreamer6-single-tc-grplc-int-48-tm_sw_sip/vivado/cantavi_streamer_project.sdk/webtalk/usage_statistics_ext_sdk.html -wdm /home/thanx/HDL-Workspace/Xilinx_SDK_Workspace/MyAudio/CantaviStreamer6-single-tc-grplc-int-48-tm_sw_sip/vivado/cantavi_streamer_project.sdk/webtalk/sdk_webtalk.wdm -intro "<H3>SDK Usage Report</H3><BR>"
webtalk_transmit: Time (s): cpu = 00:00:01 ; elapsed = 00:00:06 . Memory (MB): peak = 364.016 ; gain = 0.000 ; free physical = 1870 ; free virtual = 20384
# webtalk_terminate
INFO: [Common 17-206] Exiting Webtalk at Mon Jun  7 23:44:48 2021...
