#-----------------------------------------------------------
# Webtalk v2018.3 (64-bit)
# SW Build 2405991 on Thu Dec  6 23:36:41 MST 2018
# 
# Start of session at: Sun Dec 12 21:05:47 2021
# Process ID: 110969
# Current directory: /home/thanx/HDL-Workspace/Xilinx_SDK_Workspace/MyAudio/CantaviStreamer6-single-tc-grplc-int-tm_sw_sip_cc_MK/vivado/cantavi_streamer_project.sdk/webtalk
# Command line: wbtcv -mode batch -source sdk_webtalk.tcl
# Log file: /home/thanx/HDL-Workspace/Xilinx_SDK_Workspace/MyAudio/CantaviStreamer6-single-tc-grplc-int-tm_sw_sip_cc_MK/vivado/cantavi_streamer_project.sdk/webtalk/webtalk.log
# Journal file: /home/thanx/HDL-Workspace/Xilinx_SDK_Workspace/MyAudio/CantaviStreamer6-single-tc-grplc-int-tm_sw_sip_cc_MK/vivado/cantavi_streamer_project.sdk/webtalk/webtalk.jou
#-----------------------------------------------------------
source sdk_webtalk.tcl
# webtalk_init -webtalk_dir /home/thanx/HDL-Workspace/Xilinx_SDK_Workspace/MyAudio/CantaviStreamer6-single-tc-grplc-int-tm_sw_sip_cc_MK/vivado/cantavi_streamer_project.sdk/webtalk
# webtalk_register_client -client project
# webtalk_add_data -client project -key date_generated -value "2021-12-12 21:05:46" -context "software_version_and_target_device"
# webtalk_add_data -client project -key product_version -value "SDK v2018.3" -context "software_version_and_target_device"
# webtalk_add_data -client project -key build_version -value "2018.3" -context "software_version_and_target_device"
# webtalk_add_data -client project -key os_platform -value "amd64" -context "software_version_and_target_device"
# webtalk_add_data -client project -key registration_id -value "" -context "software_version_and_target_device"
# webtalk_add_data -client project -key tool_flow -value "SDK" -context "software_version_and_target_device"
# webtalk_add_data -client project -key beta -value "false" -context "software_version_and_target_device"
# webtalk_add_data -client project -key route_design -value "NA" -context "software_version_and_target_device"
# webtalk_add_data -client project -key target_family -value "NA" -context "software_version_and_target_device"
# webtalk_add_data -client project -key target_device -value "NA" -context "software_version_and_target_device"
# webtalk_add_data -client project -key target_package -value "NA" -context "software_version_and_target_device"
# webtalk_add_data -client project -key target_speed -value "NA" -context "software_version_and_target_device"
# webtalk_add_data -client project -key random_id -value "4dkqtbm1vn2btip3327182kdi7" -context "software_version_and_target_device"
# webtalk_add_data -client project -key project_id -value "2018.3_54" -context "software_version_and_target_device"
# webtalk_add_data -client project -key project_iteration -value "54" -context "software_version_and_target_device"
# webtalk_add_data -client project -key os_name -value "Arch" -context "user_environment"
# webtalk_add_data -client project -key os_release -value "Arch Linux" -context "user_environment"
# webtalk_add_data -client project -key cpu_name -value "Intel(R) Core(TM) i7-3740QM CPU @ 2.70GHz" -context "user_environment"
# webtalk_add_data -client project -key cpu_speed -value "1300.000 MHz" -context "user_environment"
# webtalk_add_data -client project -key total_processors -value "1" -context "user_environment"
# webtalk_add_data -client project -key system_ram -value "22.629 GB" -context "user_environment"
# webtalk_register_client -client sdk
# webtalk_add_data -client sdk -key uid -value "1639332915000" -context "sdk\\\\hardware/1639332915000"
# webtalk_add_data -client sdk -key isZynq -value "true" -context "sdk\\\\hardware/1639332915000"
# webtalk_add_data -client sdk -key isZynqMP -value "false" -context "sdk\\\\hardware/1639332915000"
# webtalk_add_data -client sdk -key Processors -value "2" -context "sdk\\\\hardware/1639332915000"
# webtalk_add_data -client sdk -key VivadoVersion -value "2018.3" -context "sdk\\\\hardware/1639332915000"
# webtalk_add_data -client sdk -key Arch -value "zynq" -context "sdk\\\\hardware/1639332915000"
# webtalk_add_data -client sdk -key Device -value "7z020" -context "sdk\\\\hardware/1639332915000"
# webtalk_add_data -client sdk -key IsHandoff -value "true" -context "sdk\\\\hardware/1639332915000"
# webtalk_add_data -client sdk -key os -value "NA" -context "sdk\\\\hardware/1639332915000"
# webtalk_add_data -client sdk -key apptemplate -value "NA" -context "sdk\\\\hardware/1639332915000"
# webtalk_add_data -client sdk -key RecordType -value "HWCreation" -context "sdk\\\\hardware/1639332915000"
# webtalk_add_data -client sdk -key uid -value "1639335893000" -context "sdk\\\\bsp/1639335893000"
# webtalk_add_data -client sdk -key hwid -value "1639332915000" -context "sdk\\\\bsp/1639335893000"
# webtalk_add_data -client sdk -key os -value "standalone" -context "sdk\\\\bsp/1639335893000"
# webtalk_add_data -client sdk -key apptemplate -value "zynq_fsbl" -context "sdk\\\\bsp/1639335893000"
# webtalk_add_data -client sdk -key RecordType -value "BSPCreation" -context "sdk\\\\bsp/1639335893000"
# webtalk_add_data -client sdk -key uid -value "1639335906000" -context "sdk\\\\application/1639335906000"
# webtalk_add_data -client sdk -key hwid -value "1639332915000" -context "sdk\\\\application/1639335906000"
# webtalk_add_data -client sdk -key bspid -value "1639335893000" -context "sdk\\\\application/1639335906000"
# webtalk_add_data -client sdk -key newbsp -value "true" -context "sdk\\\\application/1639335906000"
# webtalk_add_data -client sdk -key os -value "standalone" -context "sdk\\\\application/1639335906000"
# webtalk_add_data -client sdk -key apptemplate -value "zynq_fsbl" -context "sdk\\\\application/1639335906000"
# webtalk_add_data -client sdk -key RecordType -value "APPCreation" -context "sdk\\\\application/1639335906000"
# webtalk_add_data -client sdk -key LangUsed -value "C" -context "sdk\\\\application/1639335906000"
# webtalk_add_data -client sdk -key Procused -value "ps7_cortexa9" -context "sdk\\\\application/1639335906000"
# webtalk_add_data -client sdk -key projSize -value "602.37890625" -context "sdk\\\\application/1639335906000"
# webtalk_add_data -client sdk -key uid -value "NA" -context "sdk\\\\bsp/1639343146086"
# webtalk_add_data -client sdk -key RecordType -value "ToolUsage" -context "sdk\\\\bsp/1639343146086"
# webtalk_add_data -client sdk -key BootgenCount -value "2" -context "sdk\\\\bsp/1639343146086"
# webtalk_add_data -client sdk -key DebugCount -value "0" -context "sdk\\\\bsp/1639343146086"
# webtalk_add_data -client sdk -key PerfCount -value "0" -context "sdk\\\\bsp/1639343146086"
# webtalk_add_data -client sdk -key FlashCount -value "0" -context "sdk\\\\bsp/1639343146086"
# webtalk_add_data -client sdk -key CrossTriggCount -value "0" -context "sdk\\\\bsp/1639343146086"
# webtalk_add_data -client sdk -key QemuDebugCount -value "0" -context "sdk\\\\bsp/1639343146086"
# webtalk_transmit -clientid 2111025881 -regid "" -xml /home/thanx/HDL-Workspace/Xilinx_SDK_Workspace/MyAudio/CantaviStreamer6-single-tc-grplc-int-tm_sw_sip_cc_MK/vivado/cantavi_streamer_project.sdk/webtalk/usage_statistics_ext_sdk.xml -html /home/thanx/HDL-Workspace/Xilinx_SDK_Workspace/MyAudio/CantaviStreamer6-single-tc-grplc-int-tm_sw_sip_cc_MK/vivado/cantavi_streamer_project.sdk/webtalk/usage_statistics_ext_sdk.html -wdm /home/thanx/HDL-Workspace/Xilinx_SDK_Workspace/MyAudio/CantaviStreamer6-single-tc-grplc-int-tm_sw_sip_cc_MK/vivado/cantavi_streamer_project.sdk/webtalk/sdk_webtalk.wdm -intro "<H3>SDK Usage Report</H3><BR>"
webtalk_transmit: Time (s): cpu = 00:00:00.64 ; elapsed = 00:00:06 . Memory (MB): peak = 364.008 ; gain = 0.000 ; free physical = 4738 ; free virtual = 21400
# webtalk_terminate
INFO: [Common 17-206] Exiting Webtalk at Sun Dec 12 21:05:53 2021...
