Copyright 1986-2018 Xilinx, Inc. All Rights Reserved.
------------------------------------------------------------------------------------
| Tool Version : Vivado v.2018.3 (lin64) Build 2405991 Thu Dec  6 23:36:41 MST 2018
| Date         : Wed Mar 29 21:08:34 2023
| Host         : JAIRE running 64-bit Arch Linux
| Command      : upgrade_ip
| Device       : xc7z020clg484-1
------------------------------------------------------------------------------------

Upgrade Log for IP 'cantavi_streamer_project_Volume_Pregain_1_1'

1. Summary
----------

SUCCESS in the upgrade of cantavi_streamer_project_Volume_Pregain_1_1 (tsotnep:userLibrary:Volume_Pregain:1.0) from (Rev. 4) to (Rev. 5)






Copyright 1986-2018 Xilinx, Inc. All Rights Reserved.
------------------------------------------------------------------------------------
| Tool Version : Vivado v.2018.3 (lin64) Build 2405991 Thu Dec  6 23:36:41 MST 2018
| Date         : Wed Mar 29 21:08:33 2023
| Host         : JAIRE running 64-bit Arch Linux
| Command      : upgrade_ip
| Device       : xc7z020clg484-1
------------------------------------------------------------------------------------

Upgrade Log for IP 'cantavi_streamer_project_Volume_Pregain_0_0'

1. Summary
----------

SUCCESS in the upgrade of cantavi_streamer_project_Volume_Pregain_0_0 (tsotnep:userLibrary:Volume_Pregain:1.0) from (Rev. 4) to (Rev. 5)






Copyright 1986-2018 Xilinx, Inc. All Rights Reserved.
------------------------------------------------------------------------------------
| Tool Version : Vivado v.2018.3 (lin64) Build 2405991 Thu Dec  6 23:36:41 MST 2018
| Date         : Thu Aug  4 11:17:07 2022
| Host         : JAIRE running 64-bit Arch Linux
| Command      : upgrade_ip
| Device       : xc7z020clg484-1
------------------------------------------------------------------------------------

Upgrade Log for IP 'cantavi_streamer_project_i2s_receiver_0_0'

1. Summary
----------

SUCCESS in the upgrade of cantavi_streamer_project_i2s_receiver_0_0 (user.org:user:i2s_receiver:1.0) from (Rev. 44) to (Rev. 45)






Copyright 1986-2018 Xilinx, Inc. All Rights Reserved.
------------------------------------------------------------------------------------
| Tool Version : Vivado v.2018.3 (lin64) Build 2405991 Thu Dec  6 23:36:41 MST 2018
| Date         : Tue Jul  5 00:42:34 2022
| Host         : JAIRE running 64-bit Arch Linux
| Command      : upgrade_ip
| Device       : xc7z020clg484-1
------------------------------------------------------------------------------------

Upgrade Log for IP 'cantavi_streamer_project_i2s_transmitter_0_0'

1. Summary
----------

SUCCESS in the upgrade of cantavi_streamer_project_i2s_transmitter_0_0 (user.org:user:i2s_transmitter:1.0) from (Rev. 38) to (Rev. 39)






Copyright 1986-2018 Xilinx, Inc. All Rights Reserved.
------------------------------------------------------------------------------------
| Tool Version : Vivado v.2018.3 (lin64) Build 2405991 Thu Dec  6 23:36:41 MST 2018
| Date         : Tue Jul  5 00:42:34 2022
| Host         : JAIRE running 64-bit Arch Linux
| Command      : upgrade_ip
| Device       : xc7z020clg484-1
------------------------------------------------------------------------------------

Upgrade Log for IP 'cantavi_streamer_project_i2s_receiver_0_0'

1. Summary
----------

SUCCESS in the upgrade of cantavi_streamer_project_i2s_receiver_0_0 (user.org:user:i2s_receiver:1.0) from (Rev. 43) to (Rev. 44)






Copyright 1986-2018 Xilinx, Inc. All Rights Reserved.
------------------------------------------------------------------------------------
| Tool Version : Vivado v.2018.3 (lin64) Build 2405991 Thu Dec  6 23:36:41 MST 2018
| Date         : Mon Jul  4 13:07:51 2022
| Host         : JAIRE running 64-bit Arch Linux
| Command      : upgrade_ip
| Device       : xc7z020clg484-1
------------------------------------------------------------------------------------

Upgrade Log for IP 'cantavi_streamer_project_i2s_receiver_0_0'

1. Summary
----------

SUCCESS in the upgrade of cantavi_streamer_project_i2s_receiver_0_0 (user.org:user:i2s_receiver:1.0) from (Rev. 42) to (Rev. 43)






Copyright 1986-2018 Xilinx, Inc. All Rights Reserved.
------------------------------------------------------------------------------------
| Tool Version : Vivado v.2018.3 (lin64) Build 2405991 Thu Dec  6 23:36:41 MST 2018
| Date         : Sun Jul  3 14:59:29 2022
| Host         : JAIRE running 64-bit Arch Linux
| Command      : upgrade_ip
| Device       : xc7z020clg484-1
------------------------------------------------------------------------------------

Upgrade Log for IP 'cantavi_streamer_project_i2s_receiver_0_0'

1. Summary
----------

SUCCESS in the upgrade of cantavi_streamer_project_i2s_receiver_0_0 (user.org:user:i2s_receiver:1.0) from (Rev. 41) to (Rev. 42)






Copyright 1986-2018 Xilinx, Inc. All Rights Reserved.
------------------------------------------------------------------------------------
| Tool Version : Vivado v.2018.3 (lin64) Build 2405991 Thu Dec  6 23:36:41 MST 2018
| Date         : Sun Jul  3 14:22:49 2022
| Host         : JAIRE running 64-bit Arch Linux
| Command      : upgrade_ip
| Device       : xc7z020clg484-1
------------------------------------------------------------------------------------

Upgrade Log for IP 'cantavi_streamer_project_eth_udp_axi_arp_stack_0_0'

1. Summary
----------

SUCCESS in the upgrade of cantavi_streamer_project_eth_udp_axi_arp_stack_0_0 (user.org:user:eth_udp_axi_arp_stack:1.0) from (Rev. 122) to (Rev. 123)






Copyright 1986-2018 Xilinx, Inc. All Rights Reserved.
------------------------------------------------------------------------------------
| Tool Version : Vivado v.2018.3 (lin64) Build 2405991 Thu Dec  6 23:36:41 MST 2018
| Date         : Sun Jul  3 13:15:18 2022
| Host         : JAIRE running 64-bit Arch Linux
| Command      : upgrade_ip
| Device       : xc7z020clg484-1
------------------------------------------------------------------------------------

Upgrade Log for IP 'cantavi_streamer_project_i2s_transmitter_0_0'

1. Summary
----------

SUCCESS in the upgrade of cantavi_streamer_project_i2s_transmitter_0_0 (user.org:user:i2s_transmitter:1.0) from (Rev. 37) to (Rev. 38)






Copyright 1986-2018 Xilinx, Inc. All Rights Reserved.
------------------------------------------------------------------------------------
| Tool Version : Vivado v.2018.3 (lin64) Build 2405991 Thu Dec  6 23:36:41 MST 2018
| Date         : Sun Jul  3 13:15:18 2022
| Host         : JAIRE running 64-bit Arch Linux
| Command      : upgrade_ip
| Device       : xc7z020clg484-1
------------------------------------------------------------------------------------

Upgrade Log for IP 'cantavi_streamer_project_i2s_receiver_0_0'

1. Summary
----------

SUCCESS in the upgrade of cantavi_streamer_project_i2s_receiver_0_0 (user.org:user:i2s_receiver:1.0) from (Rev. 40) to (Rev. 41)






Copyright 1986-2018 Xilinx, Inc. All Rights Reserved.
------------------------------------------------------------------------------------
| Tool Version : Vivado v.2018.3 (lin64) Build 2405991 Thu Dec  6 23:36:41 MST 2018
| Date         : Sun Jul  3 13:15:17 2022
| Host         : JAIRE running 64-bit Arch Linux
| Command      : upgrade_ip
| Device       : xc7z020clg484-1
------------------------------------------------------------------------------------

Upgrade Log for IP 'cantavi_streamer_project_eth_udp_axi_arp_stack_0_0'

1. Summary
----------

SUCCESS in the upgrade of cantavi_streamer_project_eth_udp_axi_arp_stack_0_0 (user.org:user:eth_udp_axi_arp_stack:1.0) from (Rev. 121) to (Rev. 122)






Copyright 1986-2018 Xilinx, Inc. All Rights Reserved.
------------------------------------------------------------------------------------
| Tool Version : Vivado v.2018.3 (lin64) Build 2405991 Thu Dec  6 23:36:41 MST 2018
| Date         : Sat Jul  2 16:32:58 2022
| Host         : JAIRE running 64-bit Arch Linux
| Command      : upgrade_ip
| Device       : xc7z020clg484-1
------------------------------------------------------------------------------------

Upgrade Log for IP 'cantavi_streamer_project_eth_udp_axi_arp_stack_0_0'

1. Summary
----------

SUCCESS in the upgrade of cantavi_streamer_project_eth_udp_axi_arp_stack_0_0 (user.org:user:eth_udp_axi_arp_stack:1.0) from (Rev. 120) to (Rev. 121)






Copyright 1986-2018 Xilinx, Inc. All Rights Reserved.
------------------------------------------------------------------------------------
| Tool Version : Vivado v.2018.3 (lin64) Build 2405991 Thu Dec  6 23:36:41 MST 2018
| Date         : Sat Jul  2 16:09:37 2022
| Host         : JAIRE running 64-bit Arch Linux
| Command      : upgrade_ip
| Device       : xc7z020clg484-1
------------------------------------------------------------------------------------

Upgrade Log for IP 'cantavi_streamer_project_i2s_receiver_0_0'

1. Summary
----------

SUCCESS in the upgrade of cantavi_streamer_project_i2s_receiver_0_0 (user.org:user:i2s_receiver:1.0) from (Rev. 39) to (Rev. 40)






Copyright 1986-2018 Xilinx, Inc. All Rights Reserved.
------------------------------------------------------------------------------------
| Tool Version : Vivado v.2018.3 (lin64) Build 2405991 Thu Dec  6 23:36:41 MST 2018
| Date         : Sat Jul  2 16:07:31 2022
| Host         : JAIRE running 64-bit Arch Linux
| Command      : upgrade_ip
| Device       : xc7z020clg484-1
------------------------------------------------------------------------------------

Upgrade Log for IP 'cantavi_streamer_project_i2s_receiver_0_0'

1. Summary
----------

CAUTION (success, with warnings) in the upgrade of cantavi_streamer_project_i2s_receiver_0_0 (user.org:user:i2s_receiver:1.0) from (Rev. 38) to (Rev. 39)

After upgrade, an IP may have parameter and port differences compared to the original customization. Please review the parameters within the IP customization GUI to ensure proper functionality. Also, please review the updated IP instantiation template to ensure proper connectivity, and update your design if required.

2. Interface Information
------------------------

Detected external interface differences while upgrading 'cantavi_streamer_project_i2s_receiver_0_0'.


-Upgrade has added interface 'rst' (xilinx.com:signal:reset:1.0)


3. Connection Warnings
----------------------

Detected external port differences while upgrading 'cantavi_streamer_project_i2s_receiver_0_0'. These changes may impact your design.


-Upgrade has added port 'rst'







Copyright 1986-2018 Xilinx, Inc. All Rights Reserved.
------------------------------------------------------------------------------------
| Tool Version : Vivado v.2018.3 (lin64) Build 2405991 Thu Dec  6 23:36:41 MST 2018
| Date         : Sat Jul  2 16:07:31 2022
| Host         : JAIRE running 64-bit Arch Linux
| Command      : upgrade_ip
| Device       : xc7z020clg484-1
------------------------------------------------------------------------------------

Upgrade Log for IP 'cantavi_streamer_project_eth_udp_axi_arp_stack_0_0'

1. Summary
----------

SUCCESS in the upgrade of cantavi_streamer_project_eth_udp_axi_arp_stack_0_0 (user.org:user:eth_udp_axi_arp_stack:1.0) from (Rev. 119) to (Rev. 120)






Copyright 1986-2018 Xilinx, Inc. All Rights Reserved.
------------------------------------------------------------------------------------
| Tool Version : Vivado v.2018.3 (lin64) Build 2405991 Thu Dec  6 23:36:41 MST 2018
| Date         : Sat Jul  2 14:47:35 2022
| Host         : JAIRE running 64-bit Arch Linux
| Command      : upgrade_ip
| Device       : xc7z020clg484-1
------------------------------------------------------------------------------------

Upgrade Log for IP 'cantavi_streamer_project_eth_udp_axi_arp_stack_0_0'

1. Summary
----------

SUCCESS in the upgrade of cantavi_streamer_project_eth_udp_axi_arp_stack_0_0 (user.org:user:eth_udp_axi_arp_stack:1.0) from (Rev. 118) to (Rev. 119)

